<?xml version="1.0" encoding="UTF-8"?>
<!-- Generated by org.testng.reporters.JUnitReportReporter -->
<testsuite hostname="iBM-THINK" failures="0" tests="3" name="com.crm.qa.testcases.HomePageTest" time="74.252" errors="0" timestamp="03 Jan 2019 17:05:03 GMT" skipped="0">
  <testcase classname="com.crm.qa.testcases.HomePageTest" name="VerifyHomePageTitleTest" time="30.623"/>
  <testcase classname="com.crm.qa.testcases.HomePageTest" name="verifyUserNameTest" time="17.862"/>
  <testcase classname="com.crm.qa.testcases.HomePageTest" name="verifyContactLinkTest" time="25.767"/>
</testsuite> <!-- com.crm.qa.testcases.HomePageTest -->
