<?xml version="1.0" encoding="UTF-8"?>
<!-- Generated by org.testng.reporters.JUnitReportReporter -->
<testsuite hostname="iBM-THINK" failures="0" tests="3" name="com.crm.qa.testcases.LoginPageTest" time="64.335" errors="0" timestamp="03 Jan 2019 17:05:03 GMT" skipped="0">
  <testcase classname="com.crm.qa.testcases.LoginPageTest" name="loginPageTitleTest" time="12.740"/>
  <testcase classname="com.crm.qa.testcases.LoginPageTest" name="crmLogoImagetest" time="14.542"/>
  <testcase classname="com.crm.qa.testcases.LoginPageTest" name="logintest" time="37.053"/>
</testsuite> <!-- com.crm.qa.testcases.LoginPageTest -->
